<?xml version="1.0" encoding="UTF-8"?>
<!-- Generated by org.testng.reporters.JUnitXMLReporter -->
<testsuite ignored="0" hostname="DESKTOP-FQD6JN4" failures="1" tests="1" name="Default test(failed)" time="0.027" errors="0" timestamp="2021-01-30T22:37:39 EST">
  <testcase classname="testNG.Test3" name="login" time="0.0">
    <failure type="org.testng.TestNGException" message="
Parameter &amp;apos;browserName&amp;apos; is required by @Test on method login but has not been marked @Optional or defined
in C:\Users\Asus\Desktop\Work - space\SeleniumAutomation2145\test-output\testng-failed.xml">
      <![CDATA[org.testng.TestNGException: 
Parameter 'browserName' is required by @Test on method login but has not been marked @Optional or defined
in C:\Users\Asus\Desktop\Work - space\SeleniumAutomation2145\test-output\testng-failed.xml
at java.base/java.util.ArrayList.forEach(ArrayList.java:1511)
... Removed 26 stack frames]]>
    </failure>
  </testcase> <!-- login -->
</testsuite> <!-- Default test(failed) -->
